<?xml version="1.0" encoding="UTF-8"?>
<testsuite name="OpenMailRu" tests="1" skipped="0" failures="0" errors="0" timestamp="2024-03-18T16:57:46" hostname="MacBook-Air-Maksim.local" time="5.776">
  <properties/>
  <testcase name="openSite()" classname="OpenMailRu" time="5.776"/>
  <system-out><![CDATA[]]></system-out>
  <system-err><![CDATA[[Test worker] INFO com.codeborne.selenide.impl.WebDriverThreadLocalContainer - No webdriver is bound to current thread: 1 - let's create a new webdriver
[Test worker] INFO com.codeborne.selenide.impl.FileHelper - Creating folder: /Users/maksimkazakov/Desktop/IDEA_Projects/jenkins/build/downloads/1710781066624_66549_1
[Test worker] INFO com.codeborne.selenide.webdriver.WebDriverFactory - BrowserName=chrome Version=122.0.6261.129 Platform=mac
[Test worker] INFO com.codeborne.selenide.webdriver.WebDriverFactory - Selenide v. 7.2.1
[Test worker] INFO com.codeborne.selenide.webdriver.WebDriverFactory - Selenium WebDriver v. 4.18.1 build revision: b1d3319b48
[Test worker] INFO com.codeborne.selenide.drivercommands.CreateDriverCommand - Created webdriver in thread 1: ChromeDriver -> ChromeDriver: chrome on mac (13b91f51c7b1f70b504ea73715802552), downloadsFolder: /Users/maksimkazakov/Desktop/IDEA_Projects/jenkins/build/downloads/1710781066624_66549_1
[Test worker] INFO com.codeborne.selenide.drivercommands.DisposablesRegistry - Register WebDriverInstance[config=StaticConfig, webDriver=ChromeDriver: chrome on mac (13b91f51c7b1f70b504ea73715802552), proxy=null, downloadsFolder=/Users/maksimkazakov/Desktop/IDEA_Projects/jenkins/build/downloads/1710781066624_66549_1] in 1 [size=1]
[Test worker] INFO com.codeborne.selenide.drivercommands.DisposablesRegistry - Add shutdown hook in 1 [size=1]
]]></system-err>
</testsuite>
